Using pre-set license
Built from '2020.3/staging' branch; Version is '2020.3.16f1 (049d6eca3c44) revision 302446'; Using compiler version '192528614'; Build Type 'Release'
OS: 'Windows 10 Education; OS build 18363.2158; Version 1909; 64bit' Language: 'sv' Physical Memory: 16221 MB
BatchMode: 1, IsHumanControllingUs: 0, StartBugReporterOnCrash: 0, Is64bit: 1, IsPro: 0

 COMMAND LINE ARGUMENTS:
C:\Program Files\Unity\Hub\Editor\2020.3.16f1\Editor\Unity.exe
-adb2
-batchMode
-noUpm
-name
AssetImportWorker0
-projectPath
C:/Users/eric.cajfeldt/Documents/GitHub/New Unity Project
-logFile
Logs/AssetImportWorker0.log
-srvPort
49267
Successfully changed project path to: C:/Users/eric.cajfeldt/Documents/GitHub/New Unity Project
C:/Users/eric.cajfeldt/Documents/GitHub/New Unity Project
Using Asset Import Pipeline V2.
Refreshing native plugins compatible for Editor in 32.20 ms, found 2 plugins.
Preloading 0 native plugins for Editor in 0.00 ms.
Initialize engine version: 2020.3.16f1 (049d6eca3c44)
[Subsystems] Discovering subsystems at path C:/Program Files/Unity/Hub/Editor/2020.3.16f1/Editor/Data/Resources/UnitySubsystems
[Subsystems] Discovering subsystems at path C:/Users/eric.cajfeldt/Documents/GitHub/New Unity Project/Assets
GfxDevice: creating device client; threaded=0
Direct3D:
    Version:  Direct3D 11.0 [level 11.1]
    Renderer: NVIDIA GeForce MX250 (ID=0x1d13)
    Vendor:   
    VRAM:     1983 MB
    Driver:   26.21.14.3198
Initialize mono
Mono path[0] = 'C:/Program Files/Unity/Hub/Editor/2020.3.16f1/Editor/Data/Managed'
Mono path[1] = 'C:/Program Files/Unity/Hub/Editor/2020.3.16f1/Editor/Data/MonoBleedingEdge/lib/mono/unityjit'
Mono config path = 'C:/Program Files/Unity/Hub/Editor/2020.3.16f1/Editor/Data/MonoBleedingEdge/etc'
Using monoOptions --debugger-agent=transport=dt_socket,embedding=1,server=y,suspend=n,address=127.0.0.1:56720
Begin MonoManager ReloadAssembly
Registering precompiled unity dll's ...
Register platform support module: C:/Program Files/Unity/Hub/Editor/2020.3.16f1/Editor/Data/PlaybackEngines/WindowsStandaloneSupport/UnityEditor.WindowsStandalone.Extensions.dll
Registered in 0.001842 seconds.
Native extension for WindowsStandalone target not found
Refreshing native plugins compatible for Editor in 27.70 ms, found 2 plugins.
Preloading 0 native plugins for Editor in 0.00 ms.
Mono: successfully reloaded assembly
- Completed reload, in  1.073 seconds
Domain Reload Profiling:
	ReloadAssembly (1073ms)
		BeginReloadAssembly (54ms)
			ExecutionOrderSort (0ms)
			DisableScriptedObjects (0ms)
			BackupInstance (0ms)
			ReleaseScriptingObjects (0ms)
			CreateAndSetChildDomain (1ms)
		EndReloadAssembly (413ms)
			LoadAssemblies (52ms)
			RebuildTransferFunctionScriptingTraits (0ms)
			SetupTypeCache (159ms)
			ReleaseScriptCaches (0ms)
			RebuildScriptCaches (30ms)
			SetupLoadedEditorAssemblies (155ms)
				LogAssemblyErrors (0ms)
				InitializePlatformSupportModulesInManaged (4ms)
				SetLoadedEditorAssemblies (0ms)
				RefreshPlugins (28ms)
				BeforeProcessingInitializeOnLoad (17ms)
				ProcessInitializeOnLoadAttributes (78ms)
				ProcessInitializeOnLoadMethodAttributes (29ms)
				AfterProcessingInitializeOnLoad (0ms)
				EditorAssembliesLoaded (0ms)
			ExecutionOrderSort2 (0ms)
			AwakeInstancesAfterBackupRestoration (0ms)
Platform modules already initialized, skipping
Registering precompiled user dll's ...
Registered in 0.003635 seconds.
Begin MonoManager ReloadAssembly
Native extension for WindowsStandalone target not found
Refreshing native plugins compatible for Editor in 0.42 ms, found 2 plugins.
Preloading 0 native plugins for Editor in 0.00 ms.
Mono: successfully reloaded assembly
- Completed reload, in  1.328 seconds
Domain Reload Profiling:
	ReloadAssembly (1329ms)
		BeginReloadAssembly (156ms)
			ExecutionOrderSort (0ms)
			DisableScriptedObjects (5ms)
			BackupInstance (0ms)
			ReleaseScriptingObjects (0ms)
			CreateAndSetChildDomain (19ms)
		EndReloadAssembly (1104ms)
			LoadAssemblies (94ms)
			RebuildTransferFunctionScriptingTraits (0ms)
			SetupTypeCache (344ms)
			ReleaseScriptCaches (0ms)
			RebuildScriptCaches (53ms)
			SetupLoadedEditorAssemblies (485ms)
				LogAssemblyErrors (0ms)
				InitializePlatformSupportModulesInManaged (6ms)
				SetLoadedEditorAssemblies (1ms)
				RefreshPlugins (0ms)
				BeforeProcessingInitializeOnLoad (98ms)
				ProcessInitializeOnLoadAttributes (366ms)
				ProcessInitializeOnLoadMethodAttributes (6ms)
				AfterProcessingInitializeOnLoad (8ms)
				EditorAssembliesLoaded (0ms)
			ExecutionOrderSort2 (0ms)
			AwakeInstancesAfterBackupRestoration (8ms)
Platform modules already initialized, skipping
========================================================================
Worker process is ready to serve import requests
Launched and connected shader compiler UnityShaderCompiler.exe after 0.09 seconds
Refreshing native plugins compatible for Editor in 0.70 ms, found 2 plugins.
Preloading 0 native plugins for Editor in 0.00 ms.
Unloading 1401 Unused Serialized files (Serialized files now loaded: 0)
System memory in use before: 77.9 MB.
System memory in use after: 78.0 MB.

Unloading 18 unused Assets to reduce memory usage. Loaded Objects now: 1854.
Total: 5.829100 ms (FindLiveObjects: 0.310400 ms CreateObjectMapping: 0.115100 ms MarkObjects: 5.290400 ms  DeleteObjects: 0.111200 ms)

AssetImportParameters requested are different than current active one (requested -> active):
  custom:framework-win-MediaFoundation: 216162199b28c13a410421893ffa2e32 -> 
  custom:video-decoder-ogg-theora: a1e56fd34408186e4bbccfd4996cb3dc -> 
  custom:container-muxer-webm: aa71ff27fc2769a1b78a27578f13a17b -> 
  custom:container-demuxer-webm: 4f35f7cbe854078d1ac9338744f61a02 -> 
  custom:container-demuxer-ogg: 62fdf1f143b41e24485cea50d1cbac27 -> 
  custom:video-encoder-webm-vp8: eb34c28f22e8b96e1ab97ce403110664 -> 
  custom:video-decoder-webm-vp8: 9c59270c3fd7afecdb556c50c9e8de78 -> 
  custom:audio-decoder-ogg-vorbis: bf7c407c2cedff20999df2af8eb42d56 -> 
  custom:audio-encoder-webm-vorbis: bf7c407c2cedff20999df2af8eb42d56 -> 
========================================================================
Received Import Request.
  path: Assets/Character.controller
  artifactKey: Guid(6adc9d64f34cf20429e005970f2e8e29) Importer(815301076,1909f56bfc062723c751e8b465ee728b)
Start importing Assets/Character.controller using Guid(6adc9d64f34cf20429e005970f2e8e29) Importer(815301076,1909f56bfc062723c751e8b465ee728b)  -> (artifact id: 'b1db3d465eca6a9f330ae2d2b6a978d0') in 0.054721 seconds 
  Import took 0.058640 seconds .

========================================================================
Received Prepare
Refreshing native plugins compatible for Editor in 3.85 ms, found 2 plugins.
Preloading 0 native plugins for Editor in 0.00 ms.
Unloading 11 Unused Serialized files (Serialized files now loaded: 0)
System memory in use before: 50.2 MB.
System memory in use after: 50.3 MB.

Unloading 11 unused Assets to reduce memory usage. Loaded Objects now: 1854.
Total: 3.898600 ms (FindLiveObjects: 0.155300 ms CreateObjectMapping: 0.050600 ms MarkObjects: 3.676000 ms  DeleteObjects: 0.015600 ms)

AssetImportParameters requested are different than current active one (requested -> active):
  custom:framework-win-MediaFoundation: 216162199b28c13a410421893ffa2e32 -> 
  custom:video-decoder-ogg-theora: a1e56fd34408186e4bbccfd4996cb3dc -> 
  custom:container-muxer-webm: aa71ff27fc2769a1b78a27578f13a17b -> 
  custom:container-demuxer-webm: 4f35f7cbe854078d1ac9338744f61a02 -> 
  custom:container-demuxer-ogg: 62fdf1f143b41e24485cea50d1cbac27 -> 
  custom:video-encoder-webm-vp8: eb34c28f22e8b96e1ab97ce403110664 -> 
  custom:video-decoder-webm-vp8: 9c59270c3fd7afecdb556c50c9e8de78 -> 
  custom:audio-decoder-ogg-vorbis: bf7c407c2cedff20999df2af8eb42d56 -> 
  custom:audio-encoder-webm-vorbis: bf7c407c2cedff20999df2af8eb42d56 -> 
========================================================================
Received Import Request.
  Time since last request: 14.581857 seconds.
  path: Assets/Tree.prefab
  artifactKey: Guid(2a0e07e767d0b7b4394cc64aa3546941) Importer(815301076,1909f56bfc062723c751e8b465ee728b)
Start importing Assets/Tree.prefab using Guid(2a0e07e767d0b7b4394cc64aa3546941) Importer(815301076,1909f56bfc062723c751e8b465ee728b)  -> (artifact id: '04dedf9cabe24bfbf7e6c78ad4db7a65') in 0.198707 seconds 
  Import took 0.201989 seconds .

========================================================================
Received Import Request.
  Time since last request: 9.325569 seconds.
  path: Assets/Tree.prefab
  artifactKey: Guid(2a0e07e767d0b7b4394cc64aa3546941) Importer(815301076,1909f56bfc062723c751e8b465ee728b)
Start importing Assets/Tree.prefab using Guid(2a0e07e767d0b7b4394cc64aa3546941) Importer(815301076,1909f56bfc062723c751e8b465ee728b)  -> (artifact id: 'fe616deef610144b38dea935543d6fa8') in 0.043892 seconds 
  Import took 0.048097 seconds .

========================================================================
Received Import Request.
  Time since last request: 21.938465 seconds.
  path: Assets/Tree.prefab
  artifactKey: Guid(2a0e07e767d0b7b4394cc64aa3546941) Importer(815301076,1909f56bfc062723c751e8b465ee728b)
Start importing Assets/Tree.prefab using Guid(2a0e07e767d0b7b4394cc64aa3546941) Importer(815301076,1909f56bfc062723c751e8b465ee728b)  -> (artifact id: 'b154cfd05f86ca184f2ff7684fc101cd') in 0.036071 seconds 
  Import took 0.040389 seconds .

========================================================================
Received Import Request.
  Time since last request: 13.438642 seconds.
  path: Assets/Tree.prefab
  artifactKey: Guid(2a0e07e767d0b7b4394cc64aa3546941) Importer(815301076,1909f56bfc062723c751e8b465ee728b)
Start importing Assets/Tree.prefab using Guid(2a0e07e767d0b7b4394cc64aa3546941) Importer(815301076,1909f56bfc062723c751e8b465ee728b)  -> (artifact id: 'c1da43afe340ed52edb77baab5441fce') in 0.061121 seconds 
  Import took 0.064708 seconds .

========================================================================
Received Import Request.
  Time since last request: 7.995168 seconds.
  path: Assets/Tree.prefab
  artifactKey: Guid(2a0e07e767d0b7b4394cc64aa3546941) Importer(815301076,1909f56bfc062723c751e8b465ee728b)
Start importing Assets/Tree.prefab using Guid(2a0e07e767d0b7b4394cc64aa3546941) Importer(815301076,1909f56bfc062723c751e8b465ee728b)  -> (artifact id: '8f084a3f58759f4f14f7c5e61d8f883e') in 0.038840 seconds 
  Import took 0.042887 seconds .

========================================================================
Received Import Request.
  Time since last request: 2.464101 seconds.
  path: Assets/Tree.prefab
  artifactKey: Guid(2a0e07e767d0b7b4394cc64aa3546941) Importer(815301076,1909f56bfc062723c751e8b465ee728b)
Start importing Assets/Tree.prefab using Guid(2a0e07e767d0b7b4394cc64aa3546941) Importer(815301076,1909f56bfc062723c751e8b465ee728b)  -> (artifact id: 'a4e66ae8694df82efd38f24079145d71') in 0.036791 seconds 
  Import took 0.040182 seconds .

========================================================================
Received Import Request.
  Time since last request: 4.738526 seconds.
  path: Assets/Tree.prefab
  artifactKey: Guid(2a0e07e767d0b7b4394cc64aa3546941) Importer(815301076,1909f56bfc062723c751e8b465ee728b)
Start importing Assets/Tree.prefab using Guid(2a0e07e767d0b7b4394cc64aa3546941) Importer(815301076,1909f56bfc062723c751e8b465ee728b)  -> (artifact id: '2b0ba1d7f7f350c8438e373c7fdd5c22') in 0.043105 seconds 
  Import took 0.047355 seconds .

========================================================================
Received Import Request.
  Time since last request: 3.080466 seconds.
  path: Assets/Tree.prefab
  artifactKey: Guid(2a0e07e767d0b7b4394cc64aa3546941) Importer(815301076,1909f56bfc062723c751e8b465ee728b)
Start importing Assets/Tree.prefab using Guid(2a0e07e767d0b7b4394cc64aa3546941) Importer(815301076,1909f56bfc062723c751e8b465ee728b)  -> (artifact id: 'de616a3fd923078bdd2615e48fa42990') in 0.039990 seconds 
  Import took 0.044086 seconds .

========================================================================
Received Import Request.
  Time since last request: 1.493735 seconds.
  path: Assets/Tree.prefab
  artifactKey: Guid(2a0e07e767d0b7b4394cc64aa3546941) Importer(815301076,1909f56bfc062723c751e8b465ee728b)
Start importing Assets/Tree.prefab using Guid(2a0e07e767d0b7b4394cc64aa3546941) Importer(815301076,1909f56bfc062723c751e8b465ee728b)  -> (artifact id: '5008f1d90a3a1b71e481f3c9401afd25') in 0.068301 seconds 
  Import took 0.072126 seconds .

========================================================================
Received Import Request.
  Time since last request: 1.630830 seconds.
  path: Assets/Tree.prefab
  artifactKey: Guid(2a0e07e767d0b7b4394cc64aa3546941) Importer(815301076,1909f56bfc062723c751e8b465ee728b)
Start importing Assets/Tree.prefab using Guid(2a0e07e767d0b7b4394cc64aa3546941) Importer(815301076,1909f56bfc062723c751e8b465ee728b)  -> (artifact id: 'a438c8e080bc032fa2df0d929076dc90') in 0.045725 seconds 
  Import took 0.048912 seconds .

========================================================================
Received Import Request.
  Time since last request: 9.334796 seconds.
  path: Assets/Tree.prefab
  artifactKey: Guid(2a0e07e767d0b7b4394cc64aa3546941) Importer(815301076,1909f56bfc062723c751e8b465ee728b)
Start importing Assets/Tree.prefab using Guid(2a0e07e767d0b7b4394cc64aa3546941) Importer(815301076,1909f56bfc062723c751e8b465ee728b)  -> (artifact id: 'dad0193dbc278b486020dfb4431b3a6c') in 0.074262 seconds 
  Import took 0.078222 seconds .

========================================================================
Received Import Request.
  Time since last request: 59.412596 seconds.
  path: Assets/Muskles karakter.mb
  artifactKey: Guid(8d81fce5b9493aa4da8fcb4d6ef74f88) Importer(815301076,1909f56bfc062723c751e8b465ee728b)
Start importing Assets/Muskles karakter.mb using Guid(8d81fce5b9493aa4da8fcb4d6ef74f88) Importer(815301076,1909f56bfc062723c751e8b465ee728b)  -> (artifact id: 'ce14cbeb98fc058cbcad08f64c11b074') in 0.035866 seconds 
  Import took 0.039023 seconds .

========================================================================
Received Prepare
Registering precompiled user dll's ...
Registered in 0.004403 seconds.
Begin MonoManager ReloadAssembly
Native extension for WindowsStandalone target not found
Refreshing native plugins compatible for Editor in 0.31 ms, found 2 plugins.
Preloading 0 native plugins for Editor in 0.00 ms.
Mono: successfully reloaded assembly
- Completed reload, in  1.013 seconds
Domain Reload Profiling:
	ReloadAssembly (1014ms)
		BeginReloadAssembly (101ms)
			ExecutionOrderSort (0ms)
			DisableScriptedObjects (4ms)
			BackupInstance (0ms)
			ReleaseScriptingObjects (0ms)
			CreateAndSetChildDomain (34ms)
		EndReloadAssembly (852ms)
			LoadAssemblies (78ms)
			RebuildTransferFunctionScriptingTraits (0ms)
			SetupTypeCache (266ms)
			ReleaseScriptCaches (1ms)
			RebuildScriptCaches (42ms)
			SetupLoadedEditorAssemblies (362ms)
				LogAssemblyErrors (0ms)
				InitializePlatformSupportModulesInManaged (5ms)
				SetLoadedEditorAssemblies (0ms)
				RefreshPlugins (0ms)
				BeforeProcessingInitializeOnLoad (75ms)
				ProcessInitializeOnLoadAttributes (272ms)
				ProcessInitializeOnLoadMethodAttributes (4ms)
				AfterProcessingInitializeOnLoad (6ms)
				EditorAssembliesLoaded (0ms)
			ExecutionOrderSort2 (0ms)
			AwakeInstancesAfterBackupRestoration (7ms)
Platform modules already initialized, skipping
Refreshing native plugins compatible for Editor in 0.31 ms, found 2 plugins.
Preloading 0 native plugins for Editor in 0.00 ms.
Unloading 1395 Unused Serialized files (Serialized files now loaded: 0)
System memory in use before: 81.2 MB.
System memory in use after: 81.3 MB.

Unloading 13 unused Assets to reduce memory usage. Loaded Objects now: 1899.
Total: 2.492200 ms (FindLiveObjects: 0.147300 ms CreateObjectMapping: 0.048300 ms MarkObjects: 2.280400 ms  DeleteObjects: 0.014800 ms)

AssetImportParameters requested are different than current active one (requested -> active):
  custom:framework-win-MediaFoundation: 216162199b28c13a410421893ffa2e32 -> 
  custom:video-decoder-ogg-theora: a1e56fd34408186e4bbccfd4996cb3dc -> 
  custom:container-muxer-webm: aa71ff27fc2769a1b78a27578f13a17b -> 
  custom:container-demuxer-webm: 4f35f7cbe854078d1ac9338744f61a02 -> 
  custom:container-demuxer-ogg: 62fdf1f143b41e24485cea50d1cbac27 -> 
  custom:video-encoder-webm-vp8: eb34c28f22e8b96e1ab97ce403110664 -> 
  custom:video-decoder-webm-vp8: 9c59270c3fd7afecdb556c50c9e8de78 -> 
  custom:audio-decoder-ogg-vorbis: bf7c407c2cedff20999df2af8eb42d56 -> 
  custom:audio-encoder-webm-vorbis: bf7c407c2cedff20999df2af8eb42d56 -> 
========================================================================
Received Import Request.
  Time since last request: 1213.997962 seconds.
  path: Assets/Muskles karakter.mb
  artifactKey: Guid(8d81fce5b9493aa4da8fcb4d6ef74f88) Importer(815301076,1909f56bfc062723c751e8b465ee728b)
Start importing Assets/Muskles karakter.mb using Guid(8d81fce5b9493aa4da8fcb4d6ef74f88) Importer(815301076,1909f56bfc062723c751e8b465ee728b)  -> (artifact id: '81ba0eec3bc1a8dd6b54d4f7b6368406') in 0.241677 seconds 
  Import took 0.248322 seconds .

========================================================================
Received Import Request.
  Time since last request: 375.860129 seconds.
  path: ProjectSettings/TagManager.asset
  artifactKey: Guid(00000000000000003000000000000000) Importer(815301076,1909f56bfc062723c751e8b465ee728b)
Start importing ProjectSettings/TagManager.asset using Guid(00000000000000003000000000000000) Importer(815301076,1909f56bfc062723c751e8b465ee728b)  -> (artifact id: '8a98590f61e33058bf5f3f4aeed2485f') in 0.009364 seconds 
  Import took 0.012698 seconds .

========================================================================
Received Prepare
Registering precompiled user dll's ...
Registered in 0.004550 seconds.
Begin MonoManager ReloadAssembly
Native extension for WindowsStandalone target not found
Refreshing native plugins compatible for Editor in 0.32 ms, found 2 plugins.
Preloading 0 native plugins for Editor in 0.00 ms.
Mono: successfully reloaded assembly
- Completed reload, in  1.023 seconds
Domain Reload Profiling:
	ReloadAssembly (1023ms)
		BeginReloadAssembly (110ms)
			ExecutionOrderSort (0ms)
			DisableScriptedObjects (4ms)
			BackupInstance (0ms)
			ReleaseScriptingObjects (0ms)
			CreateAndSetChildDomain (44ms)
		EndReloadAssembly (846ms)
			LoadAssemblies (87ms)
			RebuildTransferFunctionScriptingTraits (0ms)
			SetupTypeCache (275ms)
			ReleaseScriptCaches (1ms)
			RebuildScriptCaches (41ms)
			SetupLoadedEditorAssemblies (351ms)
				LogAssemblyErrors (0ms)
				InitializePlatformSupportModulesInManaged (5ms)
				SetLoadedEditorAssemblies (0ms)
				RefreshPlugins (0ms)
				BeforeProcessingInitializeOnLoad (79ms)
				ProcessInitializeOnLoadAttributes (257ms)
				ProcessInitializeOnLoadMethodAttributes (4ms)
				AfterProcessingInitializeOnLoad (6ms)
				EditorAssembliesLoaded (0ms)
			ExecutionOrderSort2 (0ms)
			AwakeInstancesAfterBackupRestoration (6ms)
Platform modules already initialized, skipping
Refreshing native plugins compatible for Editor in 0.40 ms, found 2 plugins.
Preloading 0 native plugins for Editor in 0.00 ms.
Unloading 1395 Unused Serialized files (Serialized files now loaded: 0)
System memory in use before: 94.9 MB.
System memory in use after: 95.0 MB.

Unloading 14 unused Assets to reduce memory usage. Loaded Objects now: 1903.
Total: 2.649000 ms (FindLiveObjects: 0.223000 ms CreateObjectMapping: 0.055500 ms MarkObjects: 2.349900 ms  DeleteObjects: 0.018800 ms)

AssetImportParameters requested are different than current active one (requested -> active):
  custom:framework-win-MediaFoundation: 216162199b28c13a410421893ffa2e32 -> 
  custom:video-decoder-ogg-theora: a1e56fd34408186e4bbccfd4996cb3dc -> 
  custom:container-muxer-webm: aa71ff27fc2769a1b78a27578f13a17b -> 
  custom:container-demuxer-webm: 4f35f7cbe854078d1ac9338744f61a02 -> 
  custom:container-demuxer-ogg: 62fdf1f143b41e24485cea50d1cbac27 -> 
  custom:video-encoder-webm-vp8: eb34c28f22e8b96e1ab97ce403110664 -> 
  custom:video-decoder-webm-vp8: 9c59270c3fd7afecdb556c50c9e8de78 -> 
  custom:audio-decoder-ogg-vorbis: bf7c407c2cedff20999df2af8eb42d56 -> 
  custom:audio-encoder-webm-vorbis: bf7c407c2cedff20999df2af8eb42d56 -> 
AssetImportWorkerClient::OnTransportError - code=2 error=End of file
